<?xml version="1.0" encoding="UTF-8"?>
<!-- Generated by org.testng.reporters.JUnitXMLReporter -->
<testsuite ignored="0" hostname="EXPLPT22" failures="0" tests="3" name="Test" time="13.878" errors="0" timestamp="2023-04-11T14:49:39 IST">
  <testcase classname="Dropdown.Handlingdropdown" name="handlingdd" time="5.269"/>
  <testcase classname="Dropdown.Handlingdropdown" name="updateddd" time="4.147"/>
  <testcase classname="Dropdown.Handlingdropdown" name="dynamicdd" time="4.422"/>
</testsuite> <!-- Test -->
