<?xml version="1.0" encoding="UTF-8"?>
<testng-results ignored="0" total="1" passed="1" failed="0" skipped="0">
  <reporter-output>
  </reporter-output>
  <suite started-at="2023-04-13T13:19:02 IST" name="Default suite" finished-at="2023-04-13T13:19:08 IST" duration-ms="5908">
    <groups>
    </groups>
    <test started-at="2023-04-13T13:19:02 IST" name="Default test" finished-at="2023-04-13T13:19:08 IST" duration-ms="5908">
      <class name="E2E.WindowHandling">
        <test-method signature="windowhandling()[pri:0, instance:E2E.WindowHandling@618425b5]" started-at="2023-04-13T13:19:02 IST" name="windowhandling" finished-at="2023-04-13T13:19:08 IST" duration-ms="5872" status="PASS">
          <reporter-output>
          </reporter-output>
        </test-method> <!-- windowhandling -->
      </class> <!-- E2E.WindowHandling -->
    </test> <!-- Default test -->
  </suite> <!-- Default suite -->
</testng-results>
